<?xml version="1.0" encoding="UTF-8"?>
<testsuite name="com.db.awmd.challenge.transfer.FundTransferControllerTest" tests="6" skipped="0" failures="0" errors="0" timestamp="2019-11-11T02:26:03" hostname="DESKTOP-SS07334" time="0.343">
  <properties/>
  <testcase name="transferFunds" classname="com.db.awmd.challenge.transfer.FundTransferControllerTest" time="0.164"/>
  <testcase name="transferFundsWithoutRequiredParams" classname="com.db.awmd.challenge.transfer.FundTransferControllerTest" time="0.021"/>
  <testcase name="transferFundsWithInvalidAccountIds" classname="com.db.awmd.challenge.transfer.FundTransferControllerTest" time="0.022"/>
  <testcase name="transferFundsWithInsufficientFunds" classname="com.db.awmd.challenge.transfer.FundTransferControllerTest" time="0.017"/>
  <testcase name="transferFundsBelowMinimumLimit" classname="com.db.awmd.challenge.transfer.FundTransferControllerTest" time="0.03"/>
  <testcase name="transferFundsWithNegitiveAmount" classname="com.db.awmd.challenge.transfer.FundTransferControllerTest" time="0.054"/>
  <system-out><![CDATA[2019-11-11 07:56:00.762  INFO 11148 --- [    Test worker] .b.t.c.SpringBootTestContextBootstrapper : Neither @ContextConfiguration nor @ContextHierarchy found for test class [com.db.awmd.challenge.transfer.FundTransferControllerTest], using SpringBootContextLoader
2019-11-11 07:56:00.765  INFO 11148 --- [    Test worker] o.s.t.c.support.AbstractContextLoader    : Could not detect default resource locations for test class [com.db.awmd.challenge.transfer.FundTransferControllerTest]: no resource found for suffixes {-context.xml, Context.groovy}.
2019-11-11 07:56:00.766  INFO 11148 --- [    Test worker] t.c.s.AnnotationConfigContextLoaderUtils : Could not detect default configuration classes for test class [com.db.awmd.challenge.transfer.FundTransferControllerTest]: FundTransferControllerTest does not declare any static, non-private, non-final, nested classes annotated with @Configuration.
2019-11-11 07:56:00.796  INFO 11148 --- [    Test worker] .b.t.c.SpringBootTestContextBootstrapper : Found @SpringBootConfiguration com.db.awmd.challenge.DevChallengeApplication for test class com.db.awmd.challenge.transfer.FundTransferControllerTest
2019-11-11 07:56:00.801  INFO 11148 --- [    Test worker] .b.t.c.SpringBootTestContextBootstrapper : Loaded default TestExecutionListener class names from location [META-INF/spring.factories]: [org.springframework.boot.test.mock.mockito.MockitoTestExecutionListener, org.springframework.boot.test.mock.mockito.ResetMocksTestExecutionListener, org.springframework.boot.test.autoconfigure.restdocs.RestDocsTestExecutionListener, org.springframework.boot.test.autoconfigure.web.client.MockRestServiceServerResetTestExecutionListener, org.springframework.boot.test.autoconfigure.web.servlet.MockMvcPrintOnlyOnFailureTestExecutionListener, org.springframework.boot.test.autoconfigure.web.servlet.WebDriverTestExecutionListener, org.springframework.test.context.web.ServletTestExecutionListener, org.springframework.test.context.support.DirtiesContextBeforeModesTestExecutionListener, org.springframework.test.context.support.DependencyInjectionTestExecutionListener, org.springframework.test.context.support.DirtiesContextTestExecutionListener, org.springframework.test.context.transaction.TransactionalTestExecutionListener, org.springframework.test.context.jdbc.SqlScriptsTestExecutionListener]
2019-11-11 07:56:00.806  INFO 11148 --- [    Test worker] .b.t.c.SpringBootTestContextBootstrapper : Could not instantiate TestExecutionListener [org.springframework.test.context.transaction.TransactionalTestExecutionListener]. Specify custom listener classes or make the default listener classes (and their required dependencies) available. Offending class: [org/springframework/transaction/interceptor/TransactionAttributeSource]
2019-11-11 07:56:00.808  INFO 11148 --- [    Test worker] .b.t.c.SpringBootTestContextBootstrapper : Could not instantiate TestExecutionListener [org.springframework.test.context.jdbc.SqlScriptsTestExecutionListener]. Specify custom listener classes or make the default listener classes (and their required dependencies) available. Offending class: [org/springframework/transaction/interceptor/TransactionAttribute]
2019-11-11 07:56:00.811  INFO 11148 --- [    Test worker] .b.t.c.SpringBootTestContextBootstrapper : Using TestExecutionListeners: [org.springframework.test.context.web.ServletTestExecutionListener@fb3951e, org.springframework.test.context.support.DirtiesContextBeforeModesTestExecutionListener@4a8972b, org.springframework.boot.test.autoconfigure.SpringBootDependencyInjectionTestExecutionListener@8faa166, org.springframework.test.context.support.DirtiesContextTestExecutionListener@460eccc, org.springframework.boot.test.mock.mockito.MockitoTestExecutionListener@1768823b, org.springframework.boot.test.autoconfigure.web.client.MockRestServiceServerResetTestExecutionListener@57394e32, org.springframework.boot.test.autoconfigure.web.servlet.WebDriverTestExecutionListener@a953422, org.springframework.boot.test.mock.mockito.ResetMocksTestExecutionListener@910af30, org.springframework.boot.test.autoconfigure.restdocs.RestDocsTestExecutionListener@5aba8d73, org.springframework.boot.test.autoconfigure.web.servlet.MockMvcPrintOnlyOnFailureTestExecutionListener@47ef00c8]

  .   ____          _            __ _ _
 /\\ / ___'_ __ _ _(_)_ __  __ _ \ \ \ \
( ( )\___ | '_ | '_| | '_ \/ _` | \ \ \ \
 \\/  ___)| |_)| | | | | || (_| |  ) ) ) )
  '  |____| .__|_| |_|_| |_\__, | / / / /
 =========|_|==============|___/=/_/_/_/
 :: Spring Boot ::        (v1.5.4.RELEASE)

2019-11-11 07:56:01.006  INFO 11148 --- [    Test worker] c.d.a.c.t.FundTransferControllerTest     : Starting FundTransferControllerTest on DESKTOP-SS07334 with PID 11148 (started by jaga in C:\Users\jaga\Downloads\challenge)
2019-11-11 07:56:01.006  INFO 11148 --- [    Test worker] c.d.a.c.t.FundTransferControllerTest     : No active profile set, falling back to default profiles: default
2019-11-11 07:56:01.025  INFO 11148 --- [    Test worker] o.s.w.c.s.GenericWebApplicationContext   : Refreshing org.springframework.web.context.support.GenericWebApplicationContext@7aa0081c: startup date [Mon Nov 11 07:56:01 IST 2019]; root of context hierarchy
2019-11-11 07:56:03.213  INFO 11148 --- [    Test worker] s.w.s.m.m.a.RequestMappingHandlerAdapter : Looking for @ControllerAdvice: org.springframework.web.context.support.GenericWebApplicationContext@7aa0081c: startup date [Mon Nov 11 07:56:01 IST 2019]; root of context hierarchy
2019-11-11 07:56:03.256  INFO 11148 --- [    Test worker] s.w.s.m.m.a.RequestMappingHandlerMapping : Mapped "{[/v1/accounts/{accountId}],methods=[GET]}" onto public com.db.awmd.challenge.domain.Account com.db.awmd.challenge.web.AccountsController.getAccount(java.lang.String)
2019-11-11 07:56:03.257  INFO 11148 --- [    Test worker] s.w.s.m.m.a.RequestMappingHandlerMapping : Mapped "{[/v1/accounts],methods=[POST],consumes=[application/json]}" onto public org.springframework.http.ResponseEntity<java.lang.Object> com.db.awmd.challenge.web.AccountsController.createAccount(com.db.awmd.challenge.domain.Account)
2019-11-11 07:56:03.258  INFO 11148 --- [    Test worker] s.w.s.m.m.a.RequestMappingHandlerMapping : Mapped "{[/v1/transfer-funds],methods=[POST],produces=[application/json]}" onto public org.springframework.http.ResponseEntity<java.lang.String> com.db.awmd.challenge.web.FundTransferController.transferFunds(java.lang.String,java.lang.String,java.math.BigDecimal)
2019-11-11 07:56:03.261  INFO 11148 --- [    Test worker] s.w.s.m.m.a.RequestMappingHandlerMapping : Mapped "{[/error]}" onto public org.springframework.http.ResponseEntity<java.util.Map<java.lang.String, java.lang.Object>> org.springframework.boot.autoconfigure.web.BasicErrorController.error(javax.servlet.http.HttpServletRequest)
2019-11-11 07:56:03.262  INFO 11148 --- [    Test worker] s.w.s.m.m.a.RequestMappingHandlerMapping : Mapped "{[/error],produces=[text/html]}" onto public org.springframework.web.servlet.ModelAndView org.springframework.boot.autoconfigure.web.BasicErrorController.errorHtml(javax.servlet.http.HttpServletRequest,javax.servlet.http.HttpServletResponse)
2019-11-11 07:56:03.347  INFO 11148 --- [    Test worker] o.s.w.s.handler.SimpleUrlHandlerMapping  : Mapped URL path [/webjars/**] onto handler of type [class org.springframework.web.servlet.resource.ResourceHttpRequestHandler]
2019-11-11 07:56:03.348  INFO 11148 --- [    Test worker] o.s.w.s.handler.SimpleUrlHandlerMapping  : Mapped URL path [/**] onto handler of type [class org.springframework.web.servlet.resource.ResourceHttpRequestHandler]
2019-11-11 07:56:03.381  INFO 11148 --- [    Test worker] .m.m.a.ExceptionHandlerExceptionResolver : Detected @ExceptionHandler methods in customResponseEntityExceptionHandler
2019-11-11 07:56:03.436  INFO 11148 --- [    Test worker] o.s.w.s.handler.SimpleUrlHandlerMapping  : Mapped URL path [/**/favicon.ico] onto handler of type [class org.springframework.web.servlet.resource.ResourceHttpRequestHandler]
2019-11-11 07:56:03.750  INFO 11148 --- [    Test worker] c.d.a.c.t.FundTransferControllerTest     : Started FundTransferControllerTest in 2.92 seconds (JVM running for 19.174)
2019-11-11 07:56:03.765  INFO 11148 --- [    Test worker] o.s.b.t.m.w.SpringBootMockServletContext : Initializing Spring FrameworkServlet ''
2019-11-11 07:56:03.766  INFO 11148 --- [    Test worker] o.s.t.web.servlet.TestDispatcherServlet  : FrameworkServlet '': initialization started
2019-11-11 07:56:03.802  INFO 11148 --- [    Test worker] o.s.t.web.servlet.TestDispatcherServlet  : FrameworkServlet '': initialization completed in 35 ms
2019-11-11 07:56:03.952  INFO 11148 --- [    Test worker] o.s.b.t.m.w.SpringBootMockServletContext : Initializing Spring FrameworkServlet ''
2019-11-11 07:56:03.953  INFO 11148 --- [    Test worker] o.s.t.web.servlet.TestDispatcherServlet  : FrameworkServlet '': initialization started
2019-11-11 07:56:03.957  INFO 11148 --- [    Test worker] o.s.t.web.servlet.TestDispatcherServlet  : FrameworkServlet '': initialization completed in 3 ms
2019-11-11 07:56:03.971  INFO 11148 --- [    Test worker] o.s.b.t.m.w.SpringBootMockServletContext : Initializing Spring FrameworkServlet ''
2019-11-11 07:56:03.972  INFO 11148 --- [    Test worker] o.s.t.web.servlet.TestDispatcherServlet  : FrameworkServlet '': initialization started
2019-11-11 07:56:03.977  INFO 11148 --- [    Test worker] o.s.t.web.servlet.TestDispatcherServlet  : FrameworkServlet '': initialization completed in 4 ms
2019-11-11 07:56:03.995  INFO 11148 --- [    Test worker] o.s.b.t.m.w.SpringBootMockServletContext : Initializing Spring FrameworkServlet ''
2019-11-11 07:56:03.996  INFO 11148 --- [    Test worker] o.s.t.web.servlet.TestDispatcherServlet  : FrameworkServlet '': initialization started
2019-11-11 07:56:03.999  INFO 11148 --- [    Test worker] o.s.t.web.servlet.TestDispatcherServlet  : FrameworkServlet '': initialization completed in 2 ms
2019-11-11 07:56:04.016  INFO 11148 --- [    Test worker] o.s.b.t.m.w.SpringBootMockServletContext : Initializing Spring FrameworkServlet ''
2019-11-11 07:56:04.017  INFO 11148 --- [    Test worker] o.s.t.web.servlet.TestDispatcherServlet  : FrameworkServlet '': initialization started
2019-11-11 07:56:04.020  INFO 11148 --- [    Test worker] o.s.t.web.servlet.TestDispatcherServlet  : FrameworkServlet '': initialization completed in 3 ms
2019-11-11 07:56:04.024  WARN 11148 --- [    Test worker] c.e.CustomResponseEntityExceptionHandler : ConstraintViolationException occurred. Exception message: null
2019-11-11 07:56:04.049  INFO 11148 --- [    Test worker] o.s.b.t.m.w.SpringBootMockServletContext : Initializing Spring FrameworkServlet ''
2019-11-11 07:56:04.050  INFO 11148 --- [    Test worker] o.s.t.web.servlet.TestDispatcherServlet  : FrameworkServlet '': initialization started
2019-11-11 07:56:04.053  INFO 11148 --- [    Test worker] o.s.t.web.servlet.TestDispatcherServlet  : FrameworkServlet '': initialization completed in 3 ms
2019-11-11 07:56:04.057  WARN 11148 --- [    Test worker] c.e.CustomResponseEntityExceptionHandler : ConstraintViolationException occurred. Exception message: null
]]></system-out>
  <system-err><![CDATA[]]></system-err>
</testsuite>
