<?xml version="1.0" encoding="UTF-8"?>
<testsuite name="com.db.awmd.challenge.transfer.FundTransferServiceTest" tests="5" skipped="0" failures="0" errors="0" timestamp="2019-11-11T02:26:06" hostname="DESKTOP-SS07334" time="0.385">
  <properties/>
  <testcase name="transferFunds" classname="com.db.awmd.challenge.transfer.FundTransferServiceTest" time="0.335"/>
  <testcase name="transferFundsWithNullAccountIds" classname="com.db.awmd.challenge.transfer.FundTransferServiceTest" time="0.009"/>
  <testcase name="transferFundsWithNegitiveAmount" classname="com.db.awmd.challenge.transfer.FundTransferServiceTest" time="0.009"/>
  <testcase name="transferFundsWhenAccountDoesnotExist" classname="com.db.awmd.challenge.transfer.FundTransferServiceTest" time="0.01"/>
  <testcase name="transferFundsWithLowBalance" classname="com.db.awmd.challenge.transfer.FundTransferServiceTest" time="0.009"/>
  <system-out><![CDATA[2019-11-11 07:56:04.104  INFO 11148 --- [    Test worker] .b.t.c.SpringBootTestContextBootstrapper : Neither @ContextConfiguration nor @ContextHierarchy found for test class [com.db.awmd.challenge.transfer.FundTransferServiceTest], using SpringBootContextLoader
2019-11-11 07:56:04.107  INFO 11148 --- [    Test worker] o.s.t.c.support.AbstractContextLoader    : Could not detect default resource locations for test class [com.db.awmd.challenge.transfer.FundTransferServiceTest]: no resource found for suffixes {-context.xml, Context.groovy}.
2019-11-11 07:56:04.108  INFO 11148 --- [    Test worker] t.c.s.AnnotationConfigContextLoaderUtils : Could not detect default configuration classes for test class [com.db.awmd.challenge.transfer.FundTransferServiceTest]: FundTransferServiceTest does not declare any static, non-private, non-final, nested classes annotated with @Configuration.
2019-11-11 07:56:04.117  INFO 11148 --- [    Test worker] .b.t.c.SpringBootTestContextBootstrapper : Found @SpringBootConfiguration com.db.awmd.challenge.DevChallengeApplication for test class com.db.awmd.challenge.transfer.FundTransferServiceTest
2019-11-11 07:56:04.123  INFO 11148 --- [    Test worker] .b.t.c.SpringBootTestContextBootstrapper : Loaded default TestExecutionListener class names from location [META-INF/spring.factories]: [org.springframework.boot.test.mock.mockito.MockitoTestExecutionListener, org.springframework.boot.test.mock.mockito.ResetMocksTestExecutionListener, org.springframework.boot.test.autoconfigure.restdocs.RestDocsTestExecutionListener, org.springframework.boot.test.autoconfigure.web.client.MockRestServiceServerResetTestExecutionListener, org.springframework.boot.test.autoconfigure.web.servlet.MockMvcPrintOnlyOnFailureTestExecutionListener, org.springframework.boot.test.autoconfigure.web.servlet.WebDriverTestExecutionListener, org.springframework.test.context.web.ServletTestExecutionListener, org.springframework.test.context.support.DirtiesContextBeforeModesTestExecutionListener, org.springframework.test.context.support.DependencyInjectionTestExecutionListener, org.springframework.test.context.support.DirtiesContextTestExecutionListener, org.springframework.test.context.transaction.TransactionalTestExecutionListener, org.springframework.test.context.jdbc.SqlScriptsTestExecutionListener]
2019-11-11 07:56:04.127  INFO 11148 --- [    Test worker] .b.t.c.SpringBootTestContextBootstrapper : Could not instantiate TestExecutionListener [org.springframework.test.context.transaction.TransactionalTestExecutionListener]. Specify custom listener classes or make the default listener classes (and their required dependencies) available. Offending class: [org/springframework/transaction/interceptor/TransactionAttributeSource]
2019-11-11 07:56:04.129  INFO 11148 --- [    Test worker] .b.t.c.SpringBootTestContextBootstrapper : Could not instantiate TestExecutionListener [org.springframework.test.context.jdbc.SqlScriptsTestExecutionListener]. Specify custom listener classes or make the default listener classes (and their required dependencies) available. Offending class: [org/springframework/transaction/interceptor/TransactionAttribute]
2019-11-11 07:56:04.129  INFO 11148 --- [    Test worker] .b.t.c.SpringBootTestContextBootstrapper : Using TestExecutionListeners: [org.springframework.test.context.web.ServletTestExecutionListener@61869d5a, org.springframework.test.context.support.DirtiesContextBeforeModesTestExecutionListener@63f99f31, org.springframework.boot.test.autoconfigure.SpringBootDependencyInjectionTestExecutionListener@83a80e4, org.springframework.test.context.support.DirtiesContextTestExecutionListener@62d63f34, org.springframework.boot.test.mock.mockito.MockitoTestExecutionListener@376f1279, org.springframework.boot.test.autoconfigure.web.client.MockRestServiceServerResetTestExecutionListener@18c013b2, org.springframework.boot.test.autoconfigure.web.servlet.WebDriverTestExecutionListener@44a18dee, org.springframework.boot.test.mock.mockito.ResetMocksTestExecutionListener@175d35d1, org.springframework.boot.test.autoconfigure.restdocs.RestDocsTestExecutionListener@586e0199, org.springframework.boot.test.autoconfigure.web.servlet.MockMvcPrintOnlyOnFailureTestExecutionListener@402bd4a5]

  .   ____          _            __ _ _
 /\\ / ___'_ __ _ _(_)_ __  __ _ \ \ \ \
( ( )\___ | '_ | '_| | '_ \/ _` | \ \ \ \
 \\/  ___)| |_)| | | | | || (_| |  ) ) ) )
  '  |____| .__|_| |_|_| |_\__, | / / / /
 =========|_|==============|___/=/_/_/_/
 :: Spring Boot ::        (v1.5.4.RELEASE)

2019-11-11 07:56:04.311  INFO 11148 --- [    Test worker] c.d.a.c.t.FundTransferServiceTest        : Starting FundTransferServiceTest on DESKTOP-SS07334 with PID 11148 (started by jaga in C:\Users\jaga\Downloads\challenge)
2019-11-11 07:56:04.312  INFO 11148 --- [    Test worker] c.d.a.c.t.FundTransferServiceTest        : No active profile set, falling back to default profiles: default
2019-11-11 07:56:04.323  INFO 11148 --- [    Test worker] o.s.w.c.s.GenericWebApplicationContext   : Refreshing org.springframework.web.context.support.GenericWebApplicationContext@c136841: startup date [Mon Nov 11 07:56:04 IST 2019]; root of context hierarchy
2019-11-11 07:56:06.231  INFO 11148 --- [    Test worker] s.w.s.m.m.a.RequestMappingHandlerAdapter : Looking for @ControllerAdvice: org.springframework.web.context.support.GenericWebApplicationContext@c136841: startup date [Mon Nov 11 07:56:04 IST 2019]; root of context hierarchy
2019-11-11 07:56:06.270  INFO 11148 --- [    Test worker] s.w.s.m.m.a.RequestMappingHandlerMapping : Mapped "{[/v1/accounts/{accountId}],methods=[GET]}" onto public com.db.awmd.challenge.domain.Account com.db.awmd.challenge.web.AccountsController.getAccount(java.lang.String)
2019-11-11 07:56:06.271  INFO 11148 --- [    Test worker] s.w.s.m.m.a.RequestMappingHandlerMapping : Mapped "{[/v1/accounts],methods=[POST],consumes=[application/json]}" onto public org.springframework.http.ResponseEntity<java.lang.Object> com.db.awmd.challenge.web.AccountsController.createAccount(com.db.awmd.challenge.domain.Account)
2019-11-11 07:56:06.273  INFO 11148 --- [    Test worker] s.w.s.m.m.a.RequestMappingHandlerMapping : Mapped "{[/v1/transfer-funds],methods=[POST],produces=[application/json]}" onto public org.springframework.http.ResponseEntity<java.lang.String> com.db.awmd.challenge.web.FundTransferController.transferFunds(java.lang.String,java.lang.String,java.math.BigDecimal)
2019-11-11 07:56:06.276  INFO 11148 --- [    Test worker] s.w.s.m.m.a.RequestMappingHandlerMapping : Mapped "{[/error]}" onto public org.springframework.http.ResponseEntity<java.util.Map<java.lang.String, java.lang.Object>> org.springframework.boot.autoconfigure.web.BasicErrorController.error(javax.servlet.http.HttpServletRequest)
2019-11-11 07:56:06.277  INFO 11148 --- [    Test worker] s.w.s.m.m.a.RequestMappingHandlerMapping : Mapped "{[/error],produces=[text/html]}" onto public org.springframework.web.servlet.ModelAndView org.springframework.boot.autoconfigure.web.BasicErrorController.errorHtml(javax.servlet.http.HttpServletRequest,javax.servlet.http.HttpServletResponse)
2019-11-11 07:56:06.369  INFO 11148 --- [    Test worker] o.s.w.s.handler.SimpleUrlHandlerMapping  : Mapped URL path [/webjars/**] onto handler of type [class org.springframework.web.servlet.resource.ResourceHttpRequestHandler]
2019-11-11 07:56:06.370  INFO 11148 --- [    Test worker] o.s.w.s.handler.SimpleUrlHandlerMapping  : Mapped URL path [/**] onto handler of type [class org.springframework.web.servlet.resource.ResourceHttpRequestHandler]
2019-11-11 07:56:06.416  INFO 11148 --- [    Test worker] .m.m.a.ExceptionHandlerExceptionResolver : Detected @ExceptionHandler methods in customResponseEntityExceptionHandler
2019-11-11 07:56:06.473  INFO 11148 --- [    Test worker] o.s.w.s.handler.SimpleUrlHandlerMapping  : Mapped URL path [/**/favicon.ico] onto handler of type [class org.springframework.web.servlet.resource.ResourceHttpRequestHandler]
2019-11-11 07:56:06.851  INFO 11148 --- [    Test worker] c.d.a.c.t.FundTransferServiceTest        : Started FundTransferServiceTest in 2.704 seconds (JVM running for 22.276)
2019-11-11 07:56:06.867  INFO 11148 --- [    Test worker] c.d.a.c.service.FundTransferService      : Transfer amount: 10 from account with id: 1234 to account with id: 2345
2019-11-11 07:56:06.874  INFO 11148 --- [    Test worker] c.d.a.c.service.FundTransferService      : Send notifications to account holders
2019-11-11 07:56:07.199  INFO 11148 --- [    Test worker] c.d.a.c.service.FundTransferService      : Transfer amount: 10 from account with id: null to account with id: null
2019-11-11 07:56:07.200 ERROR 11148 --- [    Test worker] c.d.a.c.service.FundTransferService      : Account with id null does not exit
2019-11-11 07:56:07.212  INFO 11148 --- [    Test worker] c.d.a.c.service.FundTransferService      : Transfer amount: -10 from account with id: 1234 to account with id: 2345
2019-11-11 07:56:07.226  INFO 11148 --- [    Test worker] c.d.a.c.service.FundTransferService      : Transfer amount: 10 from account with id: 1234 to account with id: 2345
2019-11-11 07:56:07.228 ERROR 11148 --- [    Test worker] c.d.a.c.service.FundTransferService      : Account with id 1234 does not exit
2019-11-11 07:56:07.238  INFO 11148 --- [    Test worker] c.d.a.c.service.FundTransferService      : Transfer amount: 10 from account with id: 1234 to account with id: 2345
2019-11-11 07:56:07.239 ERROR 11148 --- [    Test worker] c.d.a.c.service.FundTransferService      : Insufficiant funds in account: {} hence cannot transfer specified amount : {}
]]></system-out>
  <system-err><![CDATA[]]></system-err>
</testsuite>
