<?xml version="1.0" encoding="UTF-8"?>
<testsuite name="com.db.awmd.challenge.AccountsControllerTest" tests="8" skipped="0" failures="0" errors="0" timestamp="2019-11-11T02:25:56" hostname="DESKTOP-SS07334" time="1.381">
  <properties/>
  <testcase name="createDuplicateAccount" classname="com.db.awmd.challenge.AccountsControllerTest" time="0.946"/>
  <testcase name="getAccount" classname="com.db.awmd.challenge.AccountsControllerTest" time="0.086"/>
  <testcase name="createAccountNegativeBalance" classname="com.db.awmd.challenge.AccountsControllerTest" time="0.086"/>
  <testcase name="createAccountEmptyAccountId" classname="com.db.awmd.challenge.AccountsControllerTest" time="0.031"/>
  <testcase name="createAccountNoBody" classname="com.db.awmd.challenge.AccountsControllerTest" time="0.016"/>
  <testcase name="createAccount" classname="com.db.awmd.challenge.AccountsControllerTest" time="0.156"/>
  <testcase name="createAccountNoAccountId" classname="com.db.awmd.challenge.AccountsControllerTest" time="0.021"/>
  <testcase name="createAccountNoBalance" classname="com.db.awmd.challenge.AccountsControllerTest" time="0.022"/>
  <system-out><![CDATA[07:55:46.711 [Test worker] DEBUG org.springframework.test.context.junit4.SpringJUnit4ClassRunner - SpringJUnit4ClassRunner constructor called with [class com.db.awmd.challenge.AccountsControllerTest]
07:55:46.727 [Test worker] DEBUG org.springframework.test.context.BootstrapUtils - Instantiating CacheAwareContextLoaderDelegate from class [org.springframework.test.context.cache.DefaultCacheAwareContextLoaderDelegate]
07:55:46.749 [Test worker] DEBUG org.springframework.test.context.BootstrapUtils - Instantiating BootstrapContext using constructor [public org.springframework.test.context.support.DefaultBootstrapContext(java.lang.Class,org.springframework.test.context.CacheAwareContextLoaderDelegate)]
07:55:46.790 [Test worker] DEBUG org.springframework.test.context.BootstrapUtils - Instantiating TestContextBootstrapper for test class [com.db.awmd.challenge.AccountsControllerTest] from class [org.springframework.boot.test.context.SpringBootTestContextBootstrapper]
07:55:46.825 [Test worker] INFO org.springframework.boot.test.context.SpringBootTestContextBootstrapper - Neither @ContextConfiguration nor @ContextHierarchy found for test class [com.db.awmd.challenge.AccountsControllerTest], using SpringBootContextLoader
07:55:46.836 [Test worker] DEBUG org.springframework.test.context.support.AbstractContextLoader - Did not detect default resource location for test class [com.db.awmd.challenge.AccountsControllerTest]: class path resource [com/db/awmd/challenge/AccountsControllerTest-context.xml] does not exist
07:55:46.838 [Test worker] DEBUG org.springframework.test.context.support.AbstractContextLoader - Did not detect default resource location for test class [com.db.awmd.challenge.AccountsControllerTest]: class path resource [com/db/awmd/challenge/AccountsControllerTestContext.groovy] does not exist
07:55:46.838 [Test worker] INFO org.springframework.test.context.support.AbstractContextLoader - Could not detect default resource locations for test class [com.db.awmd.challenge.AccountsControllerTest]: no resource found for suffixes {-context.xml, Context.groovy}.
07:55:46.840 [Test worker] INFO org.springframework.test.context.support.AnnotationConfigContextLoaderUtils - Could not detect default configuration classes for test class [com.db.awmd.challenge.AccountsControllerTest]: AccountsControllerTest does not declare any static, non-private, non-final, nested classes annotated with @Configuration.
07:55:46.979 [Test worker] DEBUG org.springframework.test.context.support.ActiveProfilesUtils - Could not find an 'annotation declaring class' for annotation type [org.springframework.test.context.ActiveProfiles] and class [com.db.awmd.challenge.AccountsControllerTest]
07:55:47.006 [Test worker] DEBUG org.springframework.core.env.StandardEnvironment - Adding [systemProperties] PropertySource with lowest search precedence
07:55:47.007 [Test worker] DEBUG org.springframework.core.env.StandardEnvironment - Adding [systemEnvironment] PropertySource with lowest search precedence
07:55:47.008 [Test worker] DEBUG org.springframework.core.env.StandardEnvironment - Initialized StandardEnvironment with PropertySources [systemProperties,systemEnvironment]
07:55:47.039 [Test worker] DEBUG org.springframework.core.io.support.PathMatchingResourcePatternResolver - Resolved classpath location [com/db/awmd/challenge/] to resources [URL [file:/C:/Users/jaga/Downloads/challenge/build/classes/test/com/db/awmd/challenge/], URL [file:/C:/Users/jaga/Downloads/challenge/build/classes/main/com/db/awmd/challenge/]]
07:55:47.039 [Test worker] DEBUG org.springframework.core.io.support.PathMatchingResourcePatternResolver - Looking for matching resources in directory tree [C:\Users\jaga\Downloads\challenge\build\classes\test\com\db\awmd\challenge]
07:55:47.041 [Test worker] DEBUG org.springframework.core.io.support.PathMatchingResourcePatternResolver - Searching directory [C:\Users\jaga\Downloads\challenge\build\classes\test\com\db\awmd\challenge] for files matching pattern [C:/Users/jaga/Downloads/challenge/build/classes/test/com/db/awmd/challenge/*.class]
07:55:47.050 [Test worker] DEBUG org.springframework.core.io.support.PathMatchingResourcePatternResolver - Looking for matching resources in directory tree [C:\Users\jaga\Downloads\challenge\build\classes\main\com\db\awmd\challenge]
07:55:47.051 [Test worker] DEBUG org.springframework.core.io.support.PathMatchingResourcePatternResolver - Searching directory [C:\Users\jaga\Downloads\challenge\build\classes\main\com\db\awmd\challenge] for files matching pattern [C:/Users/jaga/Downloads/challenge/build/classes/main/com/db/awmd/challenge/*.class]
07:55:47.058 [Test worker] DEBUG org.springframework.core.io.support.PathMatchingResourcePatternResolver - Resolved location pattern [classpath*:com/db/awmd/challenge/*.class] to resources [file [C:\Users\jaga\Downloads\challenge\build\classes\test\com\db\awmd\challenge\AccountsControllerTest.class], file [C:\Users\jaga\Downloads\challenge\build\classes\test\com\db\awmd\challenge\AccountsServiceTest.class], file [C:\Users\jaga\Downloads\challenge\build\classes\main\com\db\awmd\challenge\DevChallengeApplication.class]]
07:55:47.196 [Test worker] DEBUG org.springframework.context.annotation.ClassPathScanningCandidateComponentProvider - Identified candidate component class: file [C:\Users\jaga\Downloads\challenge\build\classes\main\com\db\awmd\challenge\DevChallengeApplication.class]
07:55:47.199 [Test worker] INFO org.springframework.boot.test.context.SpringBootTestContextBootstrapper - Found @SpringBootConfiguration com.db.awmd.challenge.DevChallengeApplication for test class com.db.awmd.challenge.AccountsControllerTest
07:55:47.213 [Test worker] DEBUG org.springframework.boot.test.context.SpringBootTestContextBootstrapper - @TestExecutionListeners is not present for class [com.db.awmd.challenge.AccountsControllerTest]: using defaults.
07:55:47.224 [Test worker] INFO org.springframework.boot.test.context.SpringBootTestContextBootstrapper - Loaded default TestExecutionListener class names from location [META-INF/spring.factories]: [org.springframework.boot.test.mock.mockito.MockitoTestExecutionListener, org.springframework.boot.test.mock.mockito.ResetMocksTestExecutionListener, org.springframework.boot.test.autoconfigure.restdocs.RestDocsTestExecutionListener, org.springframework.boot.test.autoconfigure.web.client.MockRestServiceServerResetTestExecutionListener, org.springframework.boot.test.autoconfigure.web.servlet.MockMvcPrintOnlyOnFailureTestExecutionListener, org.springframework.boot.test.autoconfigure.web.servlet.WebDriverTestExecutionListener, org.springframework.test.context.web.ServletTestExecutionListener, org.springframework.test.context.support.DirtiesContextBeforeModesTestExecutionListener, org.springframework.test.context.support.DependencyInjectionTestExecutionListener, org.springframework.test.context.support.DirtiesContextTestExecutionListener, org.springframework.test.context.transaction.TransactionalTestExecutionListener, org.springframework.test.context.jdbc.SqlScriptsTestExecutionListener]
07:55:47.261 [Test worker] INFO org.springframework.boot.test.context.SpringBootTestContextBootstrapper - Could not instantiate TestExecutionListener [org.springframework.test.context.transaction.TransactionalTestExecutionListener]. Specify custom listener classes or make the default listener classes (and their required dependencies) available. Offending class: [org/springframework/transaction/interceptor/TransactionAttributeSource]
07:55:47.278 [Test worker] INFO org.springframework.boot.test.context.SpringBootTestContextBootstrapper - Could not instantiate TestExecutionListener [org.springframework.test.context.jdbc.SqlScriptsTestExecutionListener]. Specify custom listener classes or make the default listener classes (and their required dependencies) available. Offending class: [org/springframework/transaction/interceptor/TransactionAttribute]
07:55:47.283 [Test worker] INFO org.springframework.boot.test.context.SpringBootTestContextBootstrapper - Using TestExecutionListeners: [org.springframework.test.context.web.ServletTestExecutionListener@72c9de5, org.springframework.test.context.support.DirtiesContextBeforeModesTestExecutionListener@4dfdcacc, org.springframework.boot.test.autoconfigure.SpringBootDependencyInjectionTestExecutionListener@304d0071, org.springframework.test.context.support.DirtiesContextTestExecutionListener@27fa1725, org.springframework.boot.test.mock.mockito.MockitoTestExecutionListener@445a758a, org.springframework.boot.test.autoconfigure.web.client.MockRestServiceServerResetTestExecutionListener@67d26c67, org.springframework.boot.test.autoconfigure.web.servlet.WebDriverTestExecutionListener@3f44b664, org.springframework.boot.test.mock.mockito.ResetMocksTestExecutionListener@4870cd96, org.springframework.boot.test.autoconfigure.restdocs.RestDocsTestExecutionListener@5f911737, org.springframework.boot.test.autoconfigure.web.servlet.MockMvcPrintOnlyOnFailureTestExecutionListener@2b54f9f6]
07:55:47.292 [Test worker] DEBUG org.springframework.test.annotation.ProfileValueUtils - Retrieved @ProfileValueSourceConfiguration [null] for test class [com.db.awmd.challenge.AccountsControllerTest]
07:55:47.294 [Test worker] DEBUG org.springframework.test.annotation.ProfileValueUtils - Retrieved ProfileValueSource type [class org.springframework.test.annotation.SystemProfileValueSource] for class [com.db.awmd.challenge.AccountsControllerTest]
07:55:47.296 [Test worker] DEBUG org.springframework.test.annotation.ProfileValueUtils - Retrieved @ProfileValueSourceConfiguration [null] for test class [com.db.awmd.challenge.AccountsControllerTest]
07:55:47.296 [Test worker] DEBUG org.springframework.test.annotation.ProfileValueUtils - Retrieved ProfileValueSource type [class org.springframework.test.annotation.SystemProfileValueSource] for class [com.db.awmd.challenge.AccountsControllerTest]
07:55:47.312 [Test worker] DEBUG org.springframework.test.context.support.AbstractDirtiesContextTestExecutionListener - Before test class: context [DefaultTestContext@74bb9103 testClass = AccountsControllerTest, testInstance = [null], testMethod = [null], testException = [null], mergedContextConfiguration = [WebMergedContextConfiguration@7ab07255 testClass = AccountsControllerTest, locations = '{}', classes = '{class com.db.awmd.challenge.DevChallengeApplication}', contextInitializerClasses = '[]', activeProfiles = '{}', propertySourceLocations = '{}', propertySourceProperties = '{org.springframework.boot.test.context.SpringBootTestContextBootstrapper=true}', contextCustomizers = set[org.springframework.boot.test.context.SpringBootTestContextCustomizer@78c6a5aa, org.springframework.boot.test.context.filter.ExcludeFilterContextCustomizer@464808e4, org.springframework.boot.test.json.DuplicateJsonObjectContextCustomizerFactory$DuplicateJsonObjectContextCustomizer@6f6a356e, org.springframework.boot.test.mock.mockito.MockitoContextCustomizer@0, org.springframework.boot.test.autoconfigure.properties.PropertyMappingContextCustomizer@0, org.springframework.boot.test.autoconfigure.web.servlet.WebDriverContextCustomizerFactory$Customizer@44c4e7b8, org.springframework.test.context.web.socket.MockServerContainerContextCustomizer@4d97ea5a], resourceBasePath = 'src/main/webapp', contextLoader = 'org.springframework.boot.test.context.SpringBootContextLoader', parent = [null]]], class annotated with @DirtiesContext [false] with mode [null].
07:55:47.315 [Test worker] DEBUG org.springframework.test.annotation.ProfileValueUtils - Retrieved @ProfileValueSourceConfiguration [null] for test class [com.db.awmd.challenge.AccountsControllerTest]
07:55:47.315 [Test worker] DEBUG org.springframework.test.annotation.ProfileValueUtils - Retrieved ProfileValueSource type [class org.springframework.test.annotation.SystemProfileValueSource] for class [com.db.awmd.challenge.AccountsControllerTest]
07:55:47.583 [Test worker] DEBUG org.springframework.core.env.StandardEnvironment - Adding [systemProperties] PropertySource with lowest search precedence
07:55:47.584 [Test worker] DEBUG org.springframework.core.env.StandardEnvironment - Adding [systemEnvironment] PropertySource with lowest search precedence
07:55:47.585 [Test worker] DEBUG org.springframework.core.env.StandardEnvironment - Initialized StandardEnvironment with PropertySources [systemProperties,systemEnvironment]
07:55:47.589 [Test worker] DEBUG org.springframework.core.env.MutablePropertySources - Adding [inline] PropertySource with highest search precedence
07:55:47.619 [Test worker] DEBUG org.springframework.test.context.support.TestPropertySourceUtils - Adding inlined properties to environment: {spring.jmx.enabled=false, org.springframework.boot.test.context.SpringBootTestContextBootstrapper=true, server.port=-1}
07:55:47.620 [Test worker] DEBUG org.springframework.core.env.StandardEnvironment - Adding [Inlined Test Properties] PropertySource with highest search precedence

  .   ____          _            __ _ _
 /\\ / ___'_ __ _ _(_)_ __  __ _ \ \ \ \
( ( )\___ | '_ | '_| | '_ \/ _` | \ \ \ \
 \\/  ___)| |_)| | | | | || (_| |  ) ) ) )
  '  |____| .__|_| |_|_| |_\__, | / / / /
 =========|_|==============|___/=/_/_/_/
 :: Spring Boot ::        (v1.5.4.RELEASE)

2019-11-11 07:55:48.855  INFO 11148 --- [    Test worker] c.d.a.challenge.AccountsControllerTest   : Starting AccountsControllerTest on DESKTOP-SS07334 with PID 11148 (started by jaga in C:\Users\jaga\Downloads\challenge)
2019-11-11 07:55:48.859  INFO 11148 --- [    Test worker] c.d.a.challenge.AccountsControllerTest   : No active profile set, falling back to default profiles: default
2019-11-11 07:55:49.020  INFO 11148 --- [    Test worker] o.s.w.c.s.GenericWebApplicationContext   : Refreshing org.springframework.web.context.support.GenericWebApplicationContext@6ae769ef: startup date [Mon Nov 11 07:55:49 IST 2019]; root of context hierarchy
2019-11-11 07:55:54.788  INFO 11148 --- [    Test worker] s.w.s.m.m.a.RequestMappingHandlerAdapter : Looking for @ControllerAdvice: org.springframework.web.context.support.GenericWebApplicationContext@6ae769ef: startup date [Mon Nov 11 07:55:49 IST 2019]; root of context hierarchy
2019-11-11 07:55:55.116  INFO 11148 --- [    Test worker] s.w.s.m.m.a.RequestMappingHandlerMapping : Mapped "{[/v1/accounts/{accountId}],methods=[GET]}" onto public com.db.awmd.challenge.domain.Account com.db.awmd.challenge.web.AccountsController.getAccount(java.lang.String)
2019-11-11 07:55:55.120  INFO 11148 --- [    Test worker] s.w.s.m.m.a.RequestMappingHandlerMapping : Mapped "{[/v1/accounts],methods=[POST],consumes=[application/json]}" onto public org.springframework.http.ResponseEntity<java.lang.Object> com.db.awmd.challenge.web.AccountsController.createAccount(com.db.awmd.challenge.domain.Account)
2019-11-11 07:55:55.122  INFO 11148 --- [    Test worker] s.w.s.m.m.a.RequestMappingHandlerMapping : Mapped "{[/v1/transfer-funds],methods=[POST],produces=[application/json]}" onto public org.springframework.http.ResponseEntity<java.lang.String> com.db.awmd.challenge.web.FundTransferController.transferFunds(java.lang.String,java.lang.String,java.math.BigDecimal)
2019-11-11 07:55:55.129  INFO 11148 --- [    Test worker] s.w.s.m.m.a.RequestMappingHandlerMapping : Mapped "{[/error]}" onto public org.springframework.http.ResponseEntity<java.util.Map<java.lang.String, java.lang.Object>> org.springframework.boot.autoconfigure.web.BasicErrorController.error(javax.servlet.http.HttpServletRequest)
2019-11-11 07:55:55.131  INFO 11148 --- [    Test worker] s.w.s.m.m.a.RequestMappingHandlerMapping : Mapped "{[/error],produces=[text/html]}" onto public org.springframework.web.servlet.ModelAndView org.springframework.boot.autoconfigure.web.BasicErrorController.errorHtml(javax.servlet.http.HttpServletRequest,javax.servlet.http.HttpServletResponse)
2019-11-11 07:55:55.271  INFO 11148 --- [    Test worker] o.s.w.s.handler.SimpleUrlHandlerMapping  : Mapped URL path [/webjars/**] onto handler of type [class org.springframework.web.servlet.resource.ResourceHttpRequestHandler]
2019-11-11 07:55:55.272  INFO 11148 --- [    Test worker] o.s.w.s.handler.SimpleUrlHandlerMapping  : Mapped URL path [/**] onto handler of type [class org.springframework.web.servlet.resource.ResourceHttpRequestHandler]
2019-11-11 07:55:55.337  INFO 11148 --- [    Test worker] .m.m.a.ExceptionHandlerExceptionResolver : Detected @ExceptionHandler methods in customResponseEntityExceptionHandler
2019-11-11 07:55:55.470  INFO 11148 --- [    Test worker] o.s.w.s.handler.SimpleUrlHandlerMapping  : Mapped URL path [/**/favicon.ico] onto handler of type [class org.springframework.web.servlet.resource.ResourceHttpRequestHandler]
2019-11-11 07:55:56.137  INFO 11148 --- [    Test worker] c.d.a.challenge.AccountsControllerTest   : Started AccountsControllerTest in 8.475 seconds (JVM running for 11.562)
2019-11-11 07:55:56.361  INFO 11148 --- [    Test worker] o.s.b.t.m.w.SpringBootMockServletContext : Initializing Spring FrameworkServlet ''
2019-11-11 07:55:56.362  INFO 11148 --- [    Test worker] o.s.t.web.servlet.TestDispatcherServlet  : FrameworkServlet '': initialization started
2019-11-11 07:55:56.432  INFO 11148 --- [    Test worker] o.s.t.web.servlet.TestDispatcherServlet  : FrameworkServlet '': initialization completed in 70 ms
2019-11-11 07:55:57.096  INFO 11148 --- [    Test worker] c.d.a.challenge.web.AccountsController   : Creating account Account(accountId=Id-123, balance=1000)
2019-11-11 07:55:57.138  INFO 11148 --- [    Test worker] c.d.a.challenge.web.AccountsController   : Creating account Account(accountId=Id-123, balance=1000)
2019-11-11 07:55:57.162  INFO 11148 --- [    Test worker] o.s.b.t.m.w.SpringBootMockServletContext : Initializing Spring FrameworkServlet ''
2019-11-11 07:55:57.163  INFO 11148 --- [    Test worker] o.s.t.web.servlet.TestDispatcherServlet  : FrameworkServlet '': initialization started
2019-11-11 07:55:57.167  INFO 11148 --- [    Test worker] o.s.t.web.servlet.TestDispatcherServlet  : FrameworkServlet '': initialization completed in 3 ms
2019-11-11 07:55:57.182  INFO 11148 --- [    Test worker] c.d.a.challenge.web.AccountsController   : Retrieving account for id Id-1573439157169
2019-11-11 07:55:57.249  INFO 11148 --- [    Test worker] o.s.b.t.m.w.SpringBootMockServletContext : Initializing Spring FrameworkServlet ''
2019-11-11 07:55:57.250  INFO 11148 --- [    Test worker] o.s.t.web.servlet.TestDispatcherServlet  : FrameworkServlet '': initialization started
2019-11-11 07:55:57.253  INFO 11148 --- [    Test worker] o.s.t.web.servlet.TestDispatcherServlet  : FrameworkServlet '': initialization completed in 3 ms
2019-11-11 07:55:57.339  INFO 11148 --- [    Test worker] o.s.b.t.m.w.SpringBootMockServletContext : Initializing Spring FrameworkServlet ''
2019-11-11 07:55:57.339  INFO 11148 --- [    Test worker] o.s.t.web.servlet.TestDispatcherServlet  : FrameworkServlet '': initialization started
2019-11-11 07:55:57.344  INFO 11148 --- [    Test worker] o.s.t.web.servlet.TestDispatcherServlet  : FrameworkServlet '': initialization completed in 4 ms
2019-11-11 07:55:57.374  INFO 11148 --- [    Test worker] o.s.b.t.m.w.SpringBootMockServletContext : Initializing Spring FrameworkServlet ''
2019-11-11 07:55:57.375  INFO 11148 --- [    Test worker] o.s.t.web.servlet.TestDispatcherServlet  : FrameworkServlet '': initialization started
2019-11-11 07:55:57.379  INFO 11148 --- [    Test worker] o.s.t.web.servlet.TestDispatcherServlet  : FrameworkServlet '': initialization completed in 3 ms
2019-11-11 07:55:57.391  INFO 11148 --- [    Test worker] o.s.b.t.m.w.SpringBootMockServletContext : Initializing Spring FrameworkServlet ''
2019-11-11 07:55:57.391  INFO 11148 --- [    Test worker] o.s.t.web.servlet.TestDispatcherServlet  : FrameworkServlet '': initialization started
2019-11-11 07:55:57.399  INFO 11148 --- [    Test worker] o.s.t.web.servlet.TestDispatcherServlet  : FrameworkServlet '': initialization completed in 8 ms
2019-11-11 07:55:57.405  INFO 11148 --- [    Test worker] c.d.a.challenge.web.AccountsController   : Creating account Account(accountId=Id-123, balance=1000)
2019-11-11 07:55:57.550  INFO 11148 --- [    Test worker] o.s.b.t.m.w.SpringBootMockServletContext : Initializing Spring FrameworkServlet ''
2019-11-11 07:55:57.551  INFO 11148 --- [    Test worker] o.s.t.web.servlet.TestDispatcherServlet  : FrameworkServlet '': initialization started
2019-11-11 07:55:57.555  INFO 11148 --- [    Test worker] o.s.t.web.servlet.TestDispatcherServlet  : FrameworkServlet '': initialization completed in 4 ms
2019-11-11 07:55:57.574  INFO 11148 --- [    Test worker] o.s.b.t.m.w.SpringBootMockServletContext : Initializing Spring FrameworkServlet ''
2019-11-11 07:55:57.575  INFO 11148 --- [    Test worker] o.s.t.web.servlet.TestDispatcherServlet  : FrameworkServlet '': initialization started
2019-11-11 07:55:57.581  INFO 11148 --- [    Test worker] o.s.t.web.servlet.TestDispatcherServlet  : FrameworkServlet '': initialization completed in 6 ms
]]></system-out>
  <system-err><![CDATA[]]></system-err>
</testsuite>
